{"/home/okienka/dev/quicksearx/server/Server.ts": {"path":"/home/okienka/dev/quicksearx/server/Server.ts","statementMap":{"0":{"start":{"line":1,"column":0},"end":{"line":1,"column":62}},"1":{"start":{"line":2,"column":0},"end":{"line":2,"column":24}},"2":{"start":{"line":4,"column":0},"end":{"line":4,"column":50}},"3":{"start":{"line":5,"column":0},"end":{"line":5,"column":45}},"4":{"start":{"line":9,"column":10},"end":{"line":9,"column":26}},"5":{"start":{"line":10,"column":10},"end":{"line":10,"column":19}},"6":{"start":{"line":11,"column":10},"end":{"line":11,"column":54}},"7":{"start":{"line":14,"column":4},"end":{"line":14,"column":19}},"8":{"start":{"line":15,"column":4},"end":{"line":15,"column":68}},"9":{"start":{"line":17,"column":4},"end":{"line":19,"column":7}},"10":{"start":{"line":18,"column":6},"end":{"line":18,"column":44}},"11":{"start":{"line":21,"column":4},"end":{"line":32,"column":7}},"12":{"start":{"line":21,"column":81},"end":{"line":32,"column":6}},"13":{"start":{"line":22,"column":28},"end":{"line":22,"column":64}},"14":{"start":{"line":24,"column":27},"end":{"line":24,"column":61}},"15":{"start":{"line":26,"column":21},"end":{"line":26,"column":73}},"16":{"start":{"line":28,"column":6},"end":{"line":28,"column":28}},"17":{"start":{"line":29,"column":6},"end":{"line":29,"column":58}},"18":{"start":{"line":31,"column":6},"end":{"line":31,"column":58}},"19":{"start":{"line":36,"column":4},"end":{"line":42,"column":6}},"20":{"start":{"line":38,"column":25},"end":{"line":38,"column":32}},"21":{"start":{"line":39,"column":8},"end":{"line":39,"column":28}},"22":{"start":{"line":40,"column":8},"end":{"line":40,"column":24}},"23":{"start":{"line":46,"column":20},"end":{"line":46,"column":21}},"24":{"start":{"line":47,"column":15},"end":{"line":47,"column":17}},"25":{"start":{"line":48,"column":14},"end":{"line":48,"column":16}},"26":{"start":{"line":49,"column":33},"end":{"line":49,"column":35}},"27":{"start":{"line":50,"column":30},"end":{"line":50,"column":97}},"28":{"start":{"line":50,"column":50},"end":{"line":50,"column":97}},"29":{"start":{"line":50,"column":71},"end":{"line":50,"column":96}},"30":{"start":{"line":52,"column":17},"end":{"line":52,"column":55}},"31":{"start":{"line":53,"column":4},"end":{"line":67,"column":null}},"32":{"start":{"line":54,"column":6},"end":{"line":54,"column":67}},"33":{"start":{"line":55,"column":6},"end":{"line":55,"column":38}},"34":{"start":{"line":57,"column":6},"end":{"line":57,"column":54}},"35":{"start":{"line":58,"column":28},"end":{"line":58,"column":51}},"36":{"start":{"line":59,"column":6},"end":{"line":59,"column":37}},"37":{"start":{"line":61,"column":6},"end":{"line":63,"column":null}},"38":{"start":{"line":62,"column":8},"end":{"line":62,"column":14}},"39":{"start":{"line":64,"column":6},"end":{"line":64,"column":27}},"40":{"start":{"line":66,"column":6},"end":{"line":66,"column":18}},"41":{"start":{"line":68,"column":4},"end":{"line":68,"column":64}},"42":{"start":{"line":72,"column":4},"end":{"line":72,"column":105}},"43":{"start":{"line":72,"column":32},"end":{"line":72,"column":103}},"44":{"start":{"line":72,"column":80},"end":{"line":72,"column":102}},"45":{"start":{"line":76,"column":4},"end":{"line":76,"column":54}},"46":{"start":{"line":80,"column":4},"end":{"line":83,"column":66}},"47":{"start":{"line":87,"column":24},"end":{"line":87,"column":38}},"48":{"start":{"line":88,"column":22},"end":{"line":88,"column":54}},"49":{"start":{"line":89,"column":4},"end":{"line":89,"column":31}},"50":{"start":{"line":90,"column":4},"end":{"line":92,"column":7}},"51":{"start":{"line":91,"column":6},"end":{"line":91,"column":25}},"52":{"start":{"line":96,"column":29},"end":{"line":96,"column":51}},"53":{"start":{"line":98,"column":4},"end":{"line":101,"column":6}},"54":{"start":{"line":100,"column":8},"end":{"line":100,"column":null}},"55":{"start":{"line":105,"column":4},"end":{"line":107,"column":null}},"56":{"start":{"line":106,"column":6},"end":{"line":106,"column":107}},"57":{"start":{"line":106,"column":94},"end":{"line":106,"column":105}},"58":{"start":{"line":108,"column":4},"end":{"line":108,"column":45}},"59":{"start":{"line":112,"column":4},"end":{"line":112,"column":82}},"60":{"start":{"line":112,"column":32},"end":{"line":112,"column":80}},"61":{"start":{"line":7,"column":0},"end":{"line":7,"column":21}}},"fnMap":{"0":{"name":"(anonymous_8)","decl":{"start":{"line":13,"column":2},"end":{"line":13,"column":14}},"loc":{"start":{"line":13,"column":26},"end":{"line":33,"column":3}}},"1":{"name":"(anonymous_9)","decl":{"start":{"line":17,"column":25},"end":{"line":17,"column":26}},"loc":{"start":{"line":17,"column":63},"end":{"line":19,"column":5}}},"2":{"name":"(anonymous_10)","decl":{"start":{"line":21,"column":28},"end":{"line":21,"column":35}},"loc":{"start":{"line":21,"column":81},"end":{"line":32,"column":6}}},"3":{"name":"(anonymous_11)","decl":{"start":{"line":21,"column":81},"end":{"line":21,"column":null}},"loc":{"start":{"line":21,"column":81},"end":{"line":32,"column":5}}},"4":{"name":"(anonymous_12)","decl":{"start":{"line":35,"column":10},"end":{"line":35,"column":22}},"loc":{"start":{"line":35,"column":37},"end":{"line":43,"column":3}}},"5":{"name":"(anonymous_13)","decl":{"start":{"line":37,"column":18},"end":{"line":37,"column":19}},"loc":{"start":{"line":37,"column":26},"end":{"line":41,"column":7}}},"6":{"name":"(anonymous_14)","decl":{"start":{"line":45,"column":16},"end":{"line":45,"column":34}},"loc":{"start":{"line":45,"column":98},"end":{"line":69,"column":null}}},"7":{"name":"(anonymous_16)","decl":{"start":{"line":50,"column":30},"end":{"line":50,"column":31}},"loc":{"start":{"line":50,"column":50},"end":{"line":50,"column":97}}},"8":{"name":"(anonymous_17)","decl":{"start":{"line":50,"column":62},"end":{"line":50,"column":63}},"loc":{"start":{"line":50,"column":71},"end":{"line":50,"column":96}}},"9":{"name":"(anonymous_18)","decl":{"start":{"line":71,"column":10},"end":{"line":71,"column":29}},"loc":{"start":{"line":71,"column":44},"end":{"line":73,"column":3}}},"10":{"name":"(anonymous_19)","decl":{"start":{"line":72,"column":23},"end":{"line":72,"column":24}},"loc":{"start":{"line":72,"column":32},"end":{"line":72,"column":103}}},"11":{"name":"(anonymous_20)","decl":{"start":{"line":72,"column":65},"end":{"line":72,"column":66}},"loc":{"start":{"line":72,"column":80},"end":{"line":72,"column":102}}},"12":{"name":"(anonymous_21)","decl":{"start":{"line":75,"column":10},"end":{"line":75,"column":22}},"loc":{"start":{"line":75,"column":35},"end":{"line":77,"column":3}}},"13":{"name":"(anonymous_22)","decl":{"start":{"line":79,"column":10},"end":{"line":79,"column":33}},"loc":{"start":{"line":79,"column":46},"end":{"line":84,"column":3}}},"14":{"name":"(anonymous_23)","decl":{"start":{"line":86,"column":16},"end":{"line":86,"column":31}},"loc":{"start":{"line":86,"column":75},"end":{"line":93,"column":null}}},"15":{"name":"(anonymous_25)","decl":{"start":{"line":90,"column":39},"end":{"line":90,"column":40}},"loc":{"start":{"line":90,"column":48},"end":{"line":92,"column":5}}},"16":{"name":"(anonymous_26)","decl":{"start":{"line":95,"column":10},"end":{"line":95,"column":28}},"loc":{"start":{"line":95,"column":49},"end":{"line":102,"column":3}}},"17":{"name":"(anonymous_27)","decl":{"start":{"line":99,"column":6},"end":{"line":99,"column":7}},"loc":{"start":{"line":99,"column":19},"end":{"line":100,"column":null}}},"18":{"name":"(anonymous_28)","decl":{"start":{"line":104,"column":16},"end":{"line":104,"column":39}},"loc":{"start":{"line":104,"column":39},"end":{"line":109,"column":null}}},"19":{"name":"(anonymous_30)","decl":{"start":{"line":106,"column":84},"end":{"line":106,"column":85}},"loc":{"start":{"line":106,"column":94},"end":{"line":106,"column":105}}},"20":{"name":"(anonymous_31)","decl":{"start":{"line":111,"column":9},"end":{"line":111,"column":14}},"loc":{"start":{"line":111,"column":27},"end":{"line":113,"column":3}}},"21":{"name":"(anonymous_32)","decl":{"start":{"line":112,"column":26},"end":{"line":112,"column":29}},"loc":{"start":{"line":112,"column":32},"end":{"line":112,"column":80}}}},"branchMap":{"0":{"loc":{"start":{"line":61,"column":6},"end":{"line":63,"column":null}},"type":"if","locations":[{"start":{"line":61,"column":6},"end":{"line":63,"column":null}}]},"1":{"loc":{"start":{"line":76,"column":11},"end":{"line":76,"column":53}},"type":"binary-expr","locations":[{"start":{"line":76,"column":11},"end":{"line":76,"column":48}},{"start":{"line":76,"column":52},"end":{"line":76,"column":53}}]},"2":{"loc":{"start":{"line":76,"column":11},"end":{"line":76,"column":48}},"type":"cond-expr","locations":[{"start":{"line":76,"column":40},"end":{"line":76,"column":42}},{"start":{"line":76,"column":40},"end":{"line":76,"column":48}}]},"3":{"loc":{"start":{"line":76,"column":11},"end":{"line":76,"column":42}},"type":"binary-expr","locations":[{"start":{"line":76,"column":11},"end":{"line":76,"column":42}},{"start":{"line":76,"column":40},"end":{"line":76,"column":42}}]},"4":{"loc":{"start":{"line":100,"column":8},"end":{"line":100,"column":111}},"type":"binary-expr","locations":[{"start":{"line":100,"column":8},"end":{"line":100,"column":61}},{"start":{"line":100,"column":65},"end":{"line":100,"column":111}}]},"5":{"loc":{"start":{"line":100,"column":28},"end":{"line":100,"column":60}},"type":"cond-expr","locations":[{"start":{"line":100,"column":53},"end":{"line":100,"column":55}},{"start":{"line":100,"column":53},"end":{"line":100,"column":60}}]},"6":{"loc":{"start":{"line":100,"column":28},"end":{"line":100,"column":55}},"type":"binary-expr","locations":[{"start":{"line":100,"column":28},"end":{"line":100,"column":55}},{"start":{"line":100,"column":53},"end":{"line":100,"column":55}}]},"7":{"loc":{"start":{"line":100,"column":28},"end":{"line":100,"column":53}},"type":"cond-expr","locations":[{"start":{"line":100,"column":47},"end":{"line":100,"column":49}},{"start":{"line":100,"column":47},"end":{"line":100,"column":53}}]},"8":{"loc":{"start":{"line":100,"column":28},"end":{"line":100,"column":49}},"type":"binary-expr","locations":[{"start":{"line":100,"column":28},"end":{"line":100,"column":49}},{"start":{"line":100,"column":47},"end":{"line":100,"column":49}}]},"9":{"loc":{"start":{"line":100,"column":65},"end":{"line":100,"column":98}},"type":"cond-expr","locations":[{"start":{"line":100,"column":84},"end":{"line":100,"column":86}},{"start":{"line":100,"column":84},"end":{"line":100,"column":98}}]},"10":{"loc":{"start":{"line":100,"column":65},"end":{"line":100,"column":86}},"type":"binary-expr","locations":[{"start":{"line":100,"column":65},"end":{"line":100,"column":86}},{"start":{"line":100,"column":84},"end":{"line":100,"column":86}}]},"11":{"loc":{"start":{"line":105,"column":4},"end":{"line":107,"column":null}},"type":"if","locations":[{"start":{"line":105,"column":4},"end":{"line":107,"column":null}}]}},"s":{"0":1,"1":1,"2":1,"3":1,"4":3,"5":3,"6":3,"7":3,"8":3,"9":3,"10":0,"11":3,"12":0,"13":0,"14":0,"15":0,"16":0,"17":0,"18":0,"19":2,"20":8,"21":8,"22":8,"23":0,"24":0,"25":0,"26":0,"27":0,"28":0,"29":0,"30":0,"31":0,"32":0,"33":0,"34":0,"35":0,"36":0,"37":0,"38":0,"39":0,"40":0,"41":0,"42":2,"43":11,"44":39,"45":1,"46":0,"47":0,"48":0,"49":0,"50":0,"51":0,"52":0,"53":0,"54":0,"55":0,"56":0,"57":0,"58":0,"59":0,"60":0,"61":1},"f":{"0":3,"1":0,"2":0,"3":0,"4":2,"5":8,"6":0,"7":0,"8":0,"9":2,"10":11,"11":39,"12":1,"13":0,"14":0,"15":0,"16":0,"17":0,"18":0,"19":0,"20":0,"21":0},"b":{"0":[0],"1":[1,0],"2":[0,1],"3":[1,1],"4":[0,0],"5":[0,0],"6":[0,0],"7":[0,0],"8":[0,0],"9":[0,0],"10":[0,0],"11":[0]}}
,"/home/okienka/dev/quicksearx/server/utils/cache.ts": {"path":"/home/okienka/dev/quicksearx/server/utils/cache.ts","statementMap":{"0":{"start":{"line":11,"column":21},"end":{"line":24,"column":2}},"1":{"start":{"line":11,"column":74},"end":{"line":24,"column":2}},"2":{"start":{"line":16,"column":4},"end":{"line":17,"column":24}},"3":{"start":{"line":17,"column":6},"end":{"line":17,"column":24}},"4":{"start":{"line":18,"column":4},"end":{"line":18,"column":21}},"5":{"start":{"line":21,"column":4},"end":{"line":21,"column":28}},"6":{"start":{"line":22,"column":4},"end":{"line":22,"column":23}},"7":{"start":{"line":11,"column":13},"end":{"line":11,"column":21}}},"fnMap":{"0":{"name":"(anonymous_0)","decl":{"start":{"line":11,"column":21},"end":{"line":11,"column":22}},"loc":{"start":{"line":11,"column":74},"end":{"line":24,"column":2}}},"1":{"name":"(anonymous_1)","decl":{"start":{"line":15,"column":2},"end":{"line":15,"column":6}},"loc":{"start":{"line":15,"column":10},"end":{"line":19,"column":3}}},"2":{"name":"(anonymous_2)","decl":{"start":{"line":20,"column":2},"end":{"line":20,"column":6}},"loc":{"start":{"line":20,"column":16},"end":{"line":23,"column":3}}}},"branchMap":{"0":{"loc":{"start":{"line":11,"column":22},"end":{"line":11,"column":47}},"type":"default-arg","locations":[{"start":{"line":11,"column":36},"end":{"line":11,"column":47}}]},"1":{"loc":{"start":{"line":16,"column":4},"end":{"line":17,"column":24}},"type":"if","locations":[{"start":{"line":16,"column":4},"end":{"line":17,"column":24}}]},"2":{"loc":{"start":{"line":16,"column":8},"end":{"line":16,"column":56}},"type":"binary-expr","locations":[{"start":{"line":16,"column":8},"end":{"line":16,"column":18}},{"start":{"line":16,"column":22},"end":{"line":16,"column":56}}]}},"s":{"0":1,"1":11,"2":39,"3":27,"4":12,"5":8,"6":8,"7":1},"f":{"0":11,"1":39,"2":8},"b":{"0":[11],"1":[27],"2":[39,39]}}
,"/home/okienka/dev/quicksearx/server/utils/randomBetween.ts": {"path":"/home/okienka/dev/quicksearx/server/utils/randomBetween.ts","statementMap":{"0":{"start":{"line":2,"column":2},"end":{"line":2,"column":55}},"1":{"start":{"line":1,"column":0},"end":{"line":1,"column":24}}},"fnMap":{"0":{"name":"randomBetween","decl":{"start":{"line":1,"column":24},"end":{"line":1,"column":37}},"loc":{"start":{"line":1,"column":62},"end":{"line":3,"column":1}}}},"branchMap":{},"s":{"0":0,"1":1},"f":{"0":0},"b":{}}
}
