TN:
SF:server/Server.ts
FN:13,(anonymous_8)
FN:17,(anonymous_9)
FN:21,(anonymous_10)
FN:21,(anonymous_11)
FN:35,(anonymous_12)
FN:37,(anonymous_13)
FN:45,(anonymous_14)
FN:50,(anonymous_16)
FN:50,(anonymous_17)
FN:71,(anonymous_18)
FN:72,(anonymous_19)
FN:72,(anonymous_20)
FN:75,(anonymous_21)
FN:79,(anonymous_22)
FN:86,(anonymous_23)
FN:90,(anonymous_25)
FN:95,(anonymous_26)
FN:99,(anonymous_27)
FN:104,(anonymous_28)
FN:106,(anonymous_30)
FN:111,(anonymous_31)
FN:112,(anonymous_32)
FNF:22
FNH:7
FNDA:3,(anonymous_8)
FNDA:0,(anonymous_9)
FNDA:0,(anonymous_10)
FNDA:0,(anonymous_11)
FNDA:2,(anonymous_12)
FNDA:8,(anonymous_13)
FNDA:0,(anonymous_14)
FNDA:0,(anonymous_16)
FNDA:0,(anonymous_17)
FNDA:2,(anonymous_18)
FNDA:11,(anonymous_19)
FNDA:39,(anonymous_20)
FNDA:1,(anonymous_21)
FNDA:0,(anonymous_22)
FNDA:0,(anonymous_23)
FNDA:0,(anonymous_25)
FNDA:0,(anonymous_26)
FNDA:0,(anonymous_27)
FNDA:0,(anonymous_28)
FNDA:0,(anonymous_30)
FNDA:0,(anonymous_31)
FNDA:0,(anonymous_32)
DA:1,1
DA:2,1
DA:4,1
DA:5,1
DA:7,1
DA:9,3
DA:10,3
DA:11,3
DA:14,3
DA:15,3
DA:17,3
DA:18,0
DA:21,3
DA:22,0
DA:24,0
DA:26,0
DA:28,0
DA:29,0
DA:31,0
DA:36,2
DA:38,8
DA:39,8
DA:40,8
DA:46,0
DA:47,0
DA:48,0
DA:49,0
DA:50,0
DA:52,0
DA:53,0
DA:54,0
DA:55,0
DA:57,0
DA:58,0
DA:59,0
DA:61,0
DA:62,0
DA:64,0
DA:66,0
DA:68,0
DA:72,39
DA:76,1
DA:80,0
DA:87,0
DA:88,0
DA:89,0
DA:90,0
DA:91,0
DA:96,0
DA:98,0
DA:100,0
DA:105,0
DA:106,0
DA:108,0
DA:112,0
LF:55
LH:18
BRDA:61,0,0,0
BRDA:76,1,0,1
BRDA:76,1,1,0
BRDA:76,2,0,0
BRDA:76,2,1,1
BRDA:76,3,0,1
BRDA:76,3,1,1
BRDA:100,4,0,0
BRDA:100,4,1,0
BRDA:100,5,0,0
BRDA:100,5,1,0
BRDA:100,6,0,0
BRDA:100,6,1,0
BRDA:100,7,0,0
BRDA:100,7,1,0
BRDA:100,8,0,0
BRDA:100,8,1,0
BRDA:100,9,0,0
BRDA:100,9,1,0
BRDA:100,10,0,0
BRDA:100,10,1,0
BRDA:105,11,0,0
BRF:22
BRH:4
end_of_record
TN:
SF:server/utils/cache.ts
FN:11,(anonymous_0)
FN:15,(anonymous_1)
FN:20,(anonymous_2)
FNF:3
FNH:3
FNDA:11,(anonymous_0)
FNDA:39,(anonymous_1)
FNDA:8,(anonymous_2)
DA:11,11
DA:16,39
DA:17,27
DA:18,12
DA:21,8
DA:22,8
LF:6
LH:6
BRDA:11,0,0,11
BRDA:16,1,0,27
BRDA:16,2,0,39
BRDA:16,2,1,39
BRF:4
BRH:4
end_of_record
TN:
SF:server/utils/randomBetween.ts
FN:1,randomBetween
FNF:1
FNH:0
FNDA:0,randomBetween
DA:1,1
DA:2,0
LF:2
LH:1
BRF:0
BRH:0
end_of_record
